Arguments: 
  C:\Program Files (x86)\nodejs\node.exe C:\Users\b-ali\AppData\Roaming\npm\node_modules\yarn\bin\yarn.js add web-socket-client

PATH: 
  C:\Program Files\PowerShell\7;C:\Program Files (x86)\VMware\VMware Workstation\bin\;C:\Program Files (x86)\VMware\VMware Workstation\vmrun;C:\Program Files (x86)\Common Files\Oracle\Java\javapath;C:\WINDOWS\system32;C:\WINDOWS;C:\WINDOWS\System32\Wbem;C:\WINDOWS\System32\WindowsPowerShell\v1.0\;C:\WINDOWS\System32\OpenSSH\;C:\Program Files\Git\cmd;C:\Program Files\Git\mingw64\bin;C:\Program Files\Git\usr\bin;C:\Program Files\dotnet\;C:\ProgramData\chocolatey\bin;C:\Program Files\PowerShell\7\;C:\Program Files (x86)\nodejs\;C:\Users\b-ali\AppData\Local\Programs\Python\Python39\Scripts\;C:\Users\b-ali\AppData\Local\Programs\Python\Python39\;C:\Users\b-ali\AppData\Local\Microsoft\WindowsApps;C:\Users\b-ali\AppData\Local\Programs\Microsoft VS Code\bin;C:\Users\b-ali\.dotnet\tools;C:\Users\b-ali\AppData\Local\atom\bin;C:\Program Files (x86)\Nmap;C:\Users\b-ali\AppData\Roaming\npm;C:\Users\b-ali\OneDrive\Documents\PowerShell\Scripts;C:\tools\neovim\Neovim\bin;C:\adb;C:\WINDOWS\system32;C:\WINDOWS;C:\WINDOWS\System32\Wbem;C:\WINDOWS\System32\WindowsPowerShell\v1.0\;C:\WINDOWS\System32\OpenSSH\;C:\Program Files\Microsoft\Web Platform Installer\;C:\xampp\php;C:\ProgramData\ComposerSetup\bin;C:\Program Files\Docker\Docker\resources\bin;C:\ProgramData\DockerDesktop\version-bin;C:\Users\b-ali\Downloads\php-8.0.12-nts-Win32-vs16-x64;C:\Program Files (x86)\Microsoft SQL Server\100\Tools\Binn\;C:\Program Files\Microsoft SQL Server\100\Tools\Binn\;C:\Program Files\Microsoft SQL Server\100\DTS\Binn\;C:\xampp1\php;C:\Ruby30-x64\bin;C:\Users\b-ali\AppData\Local\Programs\Python\Python39\Scripts\;C:\Users\b-ali\AppData\Local\Programs\Python\Python39\;C:\Users\b-ali\AppData\Local\Microsoft\WindowsApps;C:\Users\b-ali\AppData\Local\Programs\Microsoft VS Code\bin;C:\Users\b-ali\.dotnet\tools;C:\Users\b-ali\AppData\Local\atom\bin;C:\Program Files (x86)\Nmap;C:\Users\b-ali\AppData\Roaming\npm;C:\Users\b-ali\OneDrive\Documents\PowerShell\Scripts;C:\Program Files (x86)\VMware\VMware Workstation\;C:\tools\neovim\Neovim\bin;C:\Users\b-ali\AppData\Local\Microsoft\WindowsApps;C:\Users\b-ali\AppData\Roaming\Composer\vendor\bin;C:\Users\b-ali\AppData\Local\GitHubDesktop\bin

Yarn version: 
  1.22.17

Node version: 
  14.17.0

Platform: 
  win32 ia32

Trace: 
  Error: https://registry.yarnpkg.com/web-socket-client: Not found
      at Request.params.callback [as _callback] (C:\Users\b-ali\AppData\Roaming\npm\node_modules\yarn\lib\cli.js:67029:18)
      at Request.self.callback (C:\Users\b-ali\AppData\Roaming\npm\node_modules\yarn\lib\cli.js:140883:22)
      at Request.emit (events.js:376:20)
      at Request.<anonymous> (C:\Users\b-ali\AppData\Roaming\npm\node_modules\yarn\lib\cli.js:141855:10)
      at Request.emit (events.js:376:20)
      at IncomingMessage.<anonymous> (C:\Users\b-ali\AppData\Roaming\npm\node_modules\yarn\lib\cli.js:141777:12)
      at Object.onceWrapper (events.js:482:28)
      at IncomingMessage.emit (events.js:388:22)
      at endReadableNT (internal/streams/readable.js:1336:12)
      at processTicksAndRejections (internal/process/task_queues.js:82:21)

npm manifest: 
  {
    "name": "jankenbot",
    "version": "1.0.0",
    "description": "trollbox bot made in js",
    "main": "index.js",
    "repository": "https://github.com/Hedy88/jankenbot.git",
    "author": "Hedy <43907004+Hedy88@users.noreply.github.com>",
    "license": "MIT"
  }

yarn manifest: 
  No manifest

Lockfile: 
  No lockfile
